{"name":"client-client","hostname":"bouncing.local","pid":39692,"level":30,"msg":"STARTUP: STARTING","time":"2012-07-05T22:19:17.091Z","v":0}
{"name":"client-client","hostname":"bouncing.local","pid":39692,"level":30,"msg":"CONFIGURATION: STARTING","time":"2012-07-05T22:19:17.092Z","v":0}
{"name":"client-client","hostname":"bouncing.local","pid":39692,"level":30,"msg":"CONFIGURATION: SUCCESS","time":"2012-07-05T22:19:17.095Z","v":0}
{"name":"client-client","hostname":"bouncing.local","pid":39692,"level":30,"msg":"DATABASE: STARTING","time":"2012-07-05T22:19:17.095Z","v":0}
{"name":"client-client","hostname":"bouncing.local","pid":39692,"level":30,"msg":"DATABASE: SUCCESS","time":"2012-07-05T22:19:18.733Z","v":0}
{"name":"client-client","hostname":"bouncing.local","pid":39692,"level":30,"msg":"RACKSPACE: STARTING","time":"2012-07-05T22:19:18.733Z","v":0}
{"name":"client-client","hostname":"bouncing.local","pid":39692,"level":30,"msg":"RACKSPACE: SUCCESS","time":"2012-07-05T22:19:18.733Z","v":0}
{"name":"client-client","hostname":"bouncing.local","pid":39692,"level":30,"msg":"USERS: STARTING","time":"2012-07-05T22:19:18.733Z","v":0}
{"name":"client-client","hostname":"bouncing.local","pid":39692,"level":30,"msg":"USERS: SUCCESS","time":"2012-07-05T22:19:18.733Z","v":0}
{"name":"client-client","hostname":"bouncing.local","pid":39692,"level":30,"msg":"EXPRESS: STARTING","time":"2012-07-05T22:19:18.734Z","v":0}
{"name":"client-client","hostname":"bouncing.local","pid":39692,"level":30,"msg":"EXPRESS: SUCCESS","time":"2012-07-05T22:19:18.777Z","v":0}
{"name":"client-client","hostname":"bouncing.local","pid":39692,"level":30,"msg":"IO: STARTING","time":"2012-07-05T22:19:18.778Z","v":0}
info: socket.io started
{"name":"client-client","hostname":"bouncing.local","pid":39692,"level":30,"msg":"IO: SUCCESS","time":"2012-07-05T22:19:18.779Z","v":0}
{"name":"client-client","hostname":"bouncing.local","pid":39692,"level":30,"msg":"PROJECTS: STARTING","time":"2012-07-05T22:19:18.779Z","v":0}
{"name":"client-client","hostname":"bouncing.local","pid":39692,"level":30,"msg":"PROJECTS: SUCCESS","time":"2012-07-05T22:19:18.779Z","v":0}
{"name":"client-client","hostname":"bouncing.local","pid":39692,"level":30,"msg":"ROUTES: STARTING","time":"2012-07-05T22:19:18.779Z","v":0}
{"name":"client-client","hostname":"bouncing.local","pid":39692,"level":30,"msg":"ROUTES: SUCCESS","time":"2012-07-05T22:19:18.781Z","v":0}
{"name":"client-client","hostname":"bouncing.local","pid":39692,"level":30,"msg":"LISTENING: STARTING","time":"2012-07-05T22:19:18.781Z","v":0}
{"name":"client-client","hostname":"bouncing.local","pid":39692,"level":30,"msg":"LISTENING: SUCCESS","time":"2012-07-05T22:19:18.781Z","v":0}
{"name":"client-client","hostname":"bouncing.local","pid":39692,"level":30,"msg":"STARTUP: SUCCESS","time":"2012-07-05T22:19:18.781Z","v":0}
