0 info it worked if it ends with ok
1 verbose cli [ 'node', '/usr/local/bin/npm', 'rm', 'cloudfiles' ]
2 info using npm@1.1.30
3 info using node@v0.6.17
4 verbose config file /Users/jwilsdon/.npmrc
5 verbose config file /usr/local/etc/npmrc
6 verbose config file /usr/local/lib/node_modules/npm/npmrc
7 info /Volumes/GitWebsites/cc_patrick/node_modules/cloudfiles unbuild
8 verbose read json /Volumes/GitWebsites/cc_patrick/node_modules/cloudfiles/package.json
9 error Error: ENOTEMPTY, rmdir '/Volumes/GitWebsites/cc_patrick/node_modules/cloudfiles/lib'
9 error  { [Error: ENOTEMPTY, rmdir '/Volumes/GitWebsites/cc_patrick/node_modules/cloudfiles/lib']
9 error   errno: 53,
9 error   code: 'ENOTEMPTY',
9 error   path: '/Volumes/GitWebsites/cc_patrick/node_modules/cloudfiles/lib' }
10 error You may report this log at:
10 error     <http://github.com/isaacs/npm/issues>
10 error or email it to:
10 error     <npm-@googlegroups.com>
11 error System Darwin 10.8.0
12 error command "node" "/usr/local/bin/npm" "rm" "cloudfiles"
13 error cwd /Volumes/GitWebsites/cc_patrick
14 error node -v v0.6.17
15 error npm -v 1.1.30
16 error path /Volumes/GitWebsites/cc_patrick/node_modules/cloudfiles/lib
17 error code ENOTEMPTY
18 error message ENOTEMPTY, rmdir '/Volumes/GitWebsites/cc_patrick/node_modules/cloudfiles/lib'
19 error errno 53
20 error 53 errno
21 verbose exit [ 53, true ]
